\BOOKMARK [1][-]{section.1}{Introduction}{}% 1
\BOOKMARK [2][-]{subsection.1.1}{Goals}{section.1}% 2
\BOOKMARK [2][-]{subsection.1.2}{Improvement relative to previous approach}{section.1}% 3
\BOOKMARK [1][-]{section.2}{Data and local models}{}% 4
\BOOKMARK [2][-]{subsection.2.1}{The modeled data: read counts}{section.2}% 5
\BOOKMARK [2][-]{subsection.2.2}{Local models of allelic exclusion}{section.2}% 6
\BOOKMARK [3][-]{subsubsection.2.2.1}{Binary \(Bernoulli\) exclusion state}{subsection.2.2}% 7
\BOOKMARK [3][-]{subsubsection.2.2.2}{Multinomial exclusion state}{subsection.2.2}% 8
\BOOKMARK [1][-]{section.3}{Global models}{}% 9
\BOOKMARK [2][-]{subsection.3.1}{No influence of explanatory variables }{section.3}% 10
\BOOKMARK [3][-]{subsubsection.3.1.1}{Zero variance within each gene}{subsection.3.1}% 11
\BOOKMARK [3][-]{subsubsection.3.1.2}{Maximum variance within each gene}{subsection.3.1}% 12
\BOOKMARK [2][-]{subsection.3.2}{Regression of Yv on explanatory variables }{section.3}% 13
\BOOKMARK [2][-]{subsection.3.3}{Regression of ig on explanatory variables }{section.3}% 14
\BOOKMARK [1][-]{section.4}{Inference}{}% 15
\BOOKMARK [2][-]{subsection.4.1}{Local models and classification}{section.4}% 16
\BOOKMARK [3][-]{subsubsection.4.1.1}{Likelihood}{subsection.4.1}% 17
\BOOKMARK [3][-]{subsubsection.4.1.2}{Classification}{subsection.4.1}% 18
\BOOKMARK [2][-]{subsection.4.2}{Selection of a global model, estimation of \040and }{section.4}% 19
\BOOKMARK [3][-]{subsubsection.4.2.1}{Marginal likelihood for }{subsection.4.2}% 20
\BOOKMARK [2][-]{subsection.4.3}{Estimating regression parameters from training data}{section.4}% 21
\BOOKMARK [2][-]{subsection.4.4}{Classification}{section.4}% 22
\BOOKMARK [2][-]{subsection.4.5}{Thoughts on simulations}{section.4}% 23
